<?xml version="1.0" encoding="UTF-8"?>
<!-- Generated by org.testng.reporters.JUnitReportReporter -->
<testsuite hostname="LIN20001943" name="com.cg.Hubshot.Testcases.Home_testcase" tests="5" failures="0" timestamp="18 Jul 2020 21:35:05 GMT" time="79.285" errors="0">
  <testcase name="reportsClick" time="15.854" classname="com.cg.Hubshot.Testcases.Home_testcase"/>
  <testcase name="salesClick" time="14.390" classname="com.cg.Hubshot.Testcases.Home_testcase"/>
  <testcase name="marketClick" time="16.210" classname="com.cg.Hubshot.Testcases.Home_testcase"/>
  <testcase name="verifycontacts" time="16.087" classname="com.cg.Hubshot.Testcases.Home_testcase"/>
  <testcase name="serviceClick" time="16.744" classname="com.cg.Hubshot.Testcases.Home_testcase"/>
</testsuite> <!-- com.cg.Hubshot.Testcases.Home_testcase -->
