<?xml version="1.0" encoding="UTF-8"?>
<!-- Generated by org.testng.reporters.JUnitReportReporter -->
<testsuite hostname="LIN20001943" name="com.cg.Hubshot.Testcases.contacts_testcase" tests="1" failures="0" timestamp="18 Jul 2020 21:35:05 GMT" time="20.148" errors="0">
  <testcase name="verifyCreateContact" time="20.148" classname="com.cg.Hubshot.Testcases.contacts_testcase"/>
</testsuite> <!-- com.cg.Hubshot.Testcases.contacts_testcase -->
